d:\projects.test.020\sheeps.reloaded\psr.100.a01\psr\debug\vc142.pdb
d:\projects.test.020\sheeps.reloaded\psr.100.a01\psr\debug\vc142.idb
d:\projects.test.020\sheeps.reloaded\psr.100.a01\psr\debug\world.obj
d:\projects.test.020\sheeps.reloaded\psr.100.a01\psr\debug\testsheeps01.obj
d:\projects.test.020\sheeps.reloaded\psr.100.a01\psr\debug\testherd01.obj
d:\projects.test.020\sheeps.reloaded\psr.100.a01\psr\debug\sheeps01.obj
d:\projects.test.020\sheeps.reloaded\psr.100.a01\psr\debug\main.obj
d:\projects.test.020\sheeps.reloaded\psr.100.a01\psr\debug\idman.obj
d:\projects.test.020\sheeps.reloaded\psr.100.a01\psr\debug\psr.exe
d:\projects.test.020\sheeps.reloaded\psr.100.a01\psr\debug\psr.ilk
d:\projects.test.020\sheeps.reloaded\psr.100.a01\psr\debug\psr.pdb
d:\projects.test.020\sheeps.reloaded\psr.100.a01\psr\debug\idman.nativecodeanalysis.xml
d:\projects.test.020\sheeps.reloaded\psr.100.a01\psr\debug\main.nativecodeanalysis.xml
d:\projects.test.020\sheeps.reloaded\psr.100.a01\psr\debug\sheeps01.nativecodeanalysis.xml
d:\projects.test.020\sheeps.reloaded\psr.100.a01\psr\debug\testherd01.nativecodeanalysis.xml
d:\projects.test.020\sheeps.reloaded\psr.100.a01\psr\debug\testsheeps01.nativecodeanalysis.xml
d:\projects.test.020\sheeps.reloaded\psr.100.a01\psr\debug\vc.nativecodeanalysis.all.xml
d:\projects.test.020\sheeps.reloaded\psr.100.a01\psr\debug\world.nativecodeanalysis.xml
d:\projects.test.020\sheeps.reloaded\psr.100.a01\psr\debug\psr.tlog\cl.command.1.tlog
d:\projects.test.020\sheeps.reloaded\psr.100.a01\psr\debug\psr.tlog\cl.read.1.tlog
d:\projects.test.020\sheeps.reloaded\psr.100.a01\psr\debug\psr.tlog\cl.write.1.tlog
d:\projects.test.020\sheeps.reloaded\psr.100.a01\psr\debug\psr.tlog\link.command.1.tlog
d:\projects.test.020\sheeps.reloaded\psr.100.a01\psr\debug\psr.tlog\link.read.1.tlog
d:\projects.test.020\sheeps.reloaded\psr.100.a01\psr\debug\psr.tlog\link.write.1.tlog
